         w __deregister_frame_info
         w __register_frame_info
         w userAppExit
         w userAppInit
00000000 00000401 B __ctru_dev_path_buf
00000000 b _TLS_MODULE_BASE_
00000000 a shift
00000000 a shift
00000404 00000802 B __ctru_dev_utf16_buf
00100000 A __start__
00100000 T _start
00100008 T __service_ptr
0010000c T __apt_appid
00100010 T __heap_size
00100014 T __linear_heap_size
00100018 T __system_arglist
0010001c T __system_runflags
00100020 t startup
00100058 t ClearMem
0010006c t ClrLoop
00100094 T _init
001000ac t .udivsi3_skip_div0_test
001000ac T __aeabi_uidiv
001000ac 000001ec T __udivsi3
00100298 00000020 T __aeabi_uidivmod
001002b8 T __aeabi_idiv
001002b8 00000220 T __divsi3
001002c0 t .divsi3_skip_div0_test
001004d8 00000020 T __aeabi_idivmod
001004f8 00000004 W __aeabi_idiv0
001004f8 00000004 W __aeabi_ldiv0
001004fc T __aeabi_ldivmod
001005e8 00000390 T strcmp
00100970 t __do_global_dtors_aux
001009b0 t frame_dummy
001009dc 00000094 T downloadFromUrl
00100a70 0000005c T checkStatus
00100acc 000000b0 T StartUp
00100b7c 00000094 T InitMenueScreen
00100c10 0000007c T InitMenueBar
00100c8c 00000070 T InitSearchScreen
00100cfc 0000005c T InitSettingsScreen
00100d58 00000038 T exitScene
00100d90 000000a0 T main
00100e30 00000034 t C2Di_FrameEndHook
00100e68 00000330 T C2D_Init
00101198 00000044 T C2D_Fini
001011dc 000000d0 T C2D_Prepare
001012ac 00000058 T C2D_CreateScreenTarget
00101304 00000018 t C2Di_GlyphComp
0010131c 000001d0 T C2D_TextBufNew
001014ec 00000004 T C2D_TextBufDelete
001014f0 000001c8 T C2D_TextFontParseLine
001016b8 000000a8 T C2D_TextFontParse
00101760 00000014 T C2D_TextParse
00101774 00000030 T C2D_TextOptimize
001017a4 00000044 T C2D_FontGlyphIndexFromCodePoint
001017e8 00000078 T C2D_FontCalcGlyphPos
00101860 00000004 W C3Di_LightEnvUpdate
00101864 00000004 W C3Di_LightEnvDirty
00101868 000000b4 t C3Di_AptEventHook
0010191c 00000004 W C3Di_GasUpdate
00101920 000001e0 T C3D_Init
00101b00 000004ec T C3Di_UpdateContext
00101fec 00000044 T C3D_Fini
00102030 00000108 T C3D_BindProgram
00102138 0000004c t onVBlank0
00102184 0000004c t onVBlank1
001021d0 00000080 t C3Di_RenderTargetDestroy
00102250 000000f4 t onQueueFinish
00102344 00000038 T C3Di_RenderQueueEnableVBlank
0010237c 00000030 T C3Di_RenderQueueDisableVBlank
001023ac 00000060 T C3Di_RenderQueueInit
0010240c 000000b0 T C3Di_RenderQueueExit
001024bc 00000034 T C3Di_RenderQueueWaitDone
001024f0 0000001c T C3D_FrameEndHook
0010250c 00000128 T C3D_RenderTargetCreate
00102634 000000a8 T C3D_RenderTargetSetOutput
001026dc 0000016c T C3Di_SetTex
00102848 0000001c T C3D_CalcColorBufSize
00102864 0000001c T C3D_CalcDepthBufSize
00102880 0000016c T C3Di_FrameBufBind
001029ec 00000034 T C3D_GetTexEnv
00102a20 00000024 T C3Di_TexEnvBind
00102a44 00000070 T C3D_ProcTexInit
00102ab4 00000054 T C3D_ProcTexBind
00102b08 0000005c T C3D_ProcTexLutBind
00102b64 000000a4 T ProcTexLut_FromArray
00102c08 0000017c T C3Di_ProcTexUpdate
00102d84 00000068 T C3Di_ProcTexDirty
00102dec 00000024 T BufInfo_Init
00102e10 00000080 T BufInfo_Add
00102e90 00000040 T C3D_SetBufInfo
00102ed0 00000048 T C3Di_BufInfoBind
00102f18 00000148 T C3D_DrawArrays
00103060 00000040 T C3D_DepthMap
001030a0 0000001c T C3D_CullFace
001030bc 00000040 T C3D_StencilTest
001030fc 00000024 T C3D_StencilOp
00103120 0000001c T C3D_BlendingColor
0010313c 00000024 T C3D_EarlyDepthTest
00103160 0000002c T C3D_DepthTest
0010318c 0000002c T C3D_AlphaTest
001031b8 00000050 T C3D_AlphaBlend
00103208 00000030 T C3D_FragOpMode
00103238 00000044 T C3D_FragOpShadow
0010327c 000001ac T C3Di_EffectBind
00103428 00000028 T AttrInfo_Init
00103450 00000098 T AttrInfo_AddLoader
001034e8 00000054 T C3D_SetAttrInfo
0010353c 00000080 T C3Di_AttrInfoBind
001035bc 000000a8 T C3D_ImmSendAttrib
00103664 0000029c T C3D_UpdateUniforms
00103900 000000c0 T C3Di_DirtyUniforms
001039c0 000000d8 T C3Di_LoadShaderUniforms
00103a98 00000028 T C3Di_ClearShaderUniforms
00103ac0 000000cc T Mtx_OrthoTilt
00103b8c 00000024 t addrMapNodeComparator(rbtree_node const*, rbtree_node const*)
00103bb0 00000004 t addrMapNodeDestructor(rbtree_node*)
00103bb4 00000114 T vramMemAlign
00103cc8 00000008 T vramAlloc
00103cd0 0000005c T vramFree
00103d2c 00000024 t addrMapNodeComparator(rbtree_node const*, rbtree_node const*)
00103d50 00000004 t addrMapNodeDestructor(rbtree_node*)
00103d54 00000120 T linearMemAlign
00103e74 00000008 T linearAlloc
00103e7c 0000005c T linearFree
00103ed8 00000084 T MemPool::CoalesceRight(MemBlock*)
00103f5c 00000170 T MemPool::Allocate(MemChunk&, unsigned long, int)
001040cc 000000fc T MemPool::Deallocate(MemChunk const&)
001041c8 00000074 T osConvertVirtToPhys
0010423c 00000054 T osGetTimeRef
00104290 000000e4 T osGetTime
00104374 00000074 T __libctru_gtod
001043e8 00000034 T __ctru_speedup_config
0010441c 0000009c T fontEnsureMapped
001044b8 000000fc T fontGlyphIndexFromCodePoint
001045b4 0000006c T fontGetCharWidthInfo
00104620 000001c0 T fontCalcGlyphPos
001047e0 000000d0 t gfxPresentFramebuffer
001048b0 0000001c T gfxIsWide
001048cc 000000ec T gfxSetScreenFormat
001049b8 00000108 T gfxInit
00104ac0 00000010 T gfxInitDefault
00104ad0 000000b4 T gfxExit
00104b84 0000010c T gfxFlushBuffers
00104c90 00000030 T gfxScreenSwapBuffers
00104cc0 000001e0 T shaderInstanceInit
00104ea0 00000018 T shaderInstanceGetUniformLocation
00104eb8 0000001c T shaderProgramInit
00104ed4 00000064 T shaderProgramFree
00104f38 00000080 T shaderProgramSetVsh
00104fb8 000008c0 T shaderProgramConfigure
00105878 000001f8 t DVLE_GenerateOutmap.part.0
00105a70 000001cc T DVLB_ParseFile
00105c3c 00000038 T DVLB_Free
00105c74 00000074 T DVLE_GetUniformRegister
00105ce8 00000010 T GX_BindQueue
00105cf8 00000068 t gxCmdQueueDoCommands.part.0
00105d60 000000c8 T gxCmdQueueInterrupt
00105e28 0000004c T gxCmdQueueClear
00105e74 00000080 T gxCmdQueueRun
00105ef4 00000060 T gxCmdQueueStop
00105f54 00000074 T gxCmdQueueWait
00105fc8 0000013c T GPUCMD_Add
00106104 00000040 T f32tof16
00106144 00000040 T f32tof24
00106184 00000c58 t gspHardwareInit
00106ddc 00000254 T gspInit
00107030 000000f0 T gspExit
00107120 00000010 T gspHasGpuRight
00107130 00000098 T gspPresentBuffer
001071c8 00000030 T gspSetEventCallback
001071f8 00000050 T gspWaitForEvent
00107248 0000004c T gspWaitForAnyEvent
00107294 00000160 t gspEventThreadMain
001073f4 00000130 T gspSubmitGxCommand
00107524 00000050 T GSPGPU_FlushDataCache
00107574 00000034 T GSPGPU_SetLcdForceBlack
001075a8 00000068 T GSPGPU_AcquireRight
00107610 00000048 T GSPGPU_ReleaseRight
00107658 0000007c T GSPGPU_ImportDisplayCaptureInfo
001076d4 0000002c T GSPGPU_SaveVramSysArea
00107700 0000002c T GSPGPU_RestoreVramSysArea
0010772c 000001b0 t aptConvertScreenForCapture
001078dc 00000008 W aptDspSleep
001078e4 00000004 W aptDspWakeup
001078e8 00000004 W aptDspCancel
001078ec 0000015c T aptSendCommand
00107a48 00000038 t aptExitProcess
00107a80 000002f0 T aptExit
00107d70 000000d8 T aptHandleSleep
00107e48 00000030 T aptHook
00107e78 00000030 T aptUnhook
00107ea8 00000084 T APT_SleepIfShellClosed
00107f2c 00000084 T aptSetSleepAllowed
00107fb0 00000084 T APT_UnlockTransition
00108038 00000484 t aptEventHandler
001084bc 000000b0 T APT_ReceiveParameter
0010856c 000000b0 t aptReceiveParameter.constprop.0
00108620 000002bc t aptScreenTransfer
001088dc 000002d0 t aptWaitForWakeUp.isra.0
00108bac 000000f8 T aptJumpToHomeMenu
00108ca4 0000004c T aptMainLoop
00108cf0 00000234 T aptInit
00108f24 0000007c T APT_CheckNew3DS
00108fa0 00000048 T APT_GetSharedFont
00108fe8 00000024 W hidShouldUseIrrst
0010900c 0000018c T hidInit
00109198 000000e8 T hidExit
00109280 00000010 T hidKeysDown
00109290 00000074 T ptmSysmInit
00109304 0000003c T ptmSysmExit
00109340 00000034 T PTMSYSM_ConfigureNew3DSCPU
00109374 0000019c T httpcInit
00109510 00000150 T httpcOpenContext
00109660 0000012c T httpcDownloadData
0010978c 00000030 T httpcBeginRequest
001097bc 00000054 T httpcGetDownloadSizeState
00109810 0000003c T httpcGetResponseStatusCode
0010984c 000000c8 T fsInit
00109914 0000003c T fsExit
00109950 00000060 T fsExemptFromSession
001099b0 00000050 T fsUnexemptFromSession
00109a00 000000cc T FSUSER_OpenFile
00109acc 000000bc T FSUSER_DeleteFile
00109b88 000000f8 T FSUSER_RenameFile
00109c80 000000bc T FSUSER_DeleteDirectory
00109d3c 000000d4 T FSUSER_CreateFile
00109e10 000000c4 T FSUSER_CreateDirectory
00109ed4 000000f8 T FSUSER_RenameDirectory
00109fcc 000000b4 T FSUSER_OpenDirectory
0010a080 00000094 T FSUSER_OpenArchive
0010a114 0000008c T FSUSER_CloseArchive
0010a1a0 00000074 T FSUSER_GetSdmcArchiveResource
0010a214 00000064 T FSUSER_IsSdmcWritable
0010a278 00000058 T FSFILE_Read
0010a2d0 00000060 T FSFILE_Write
0010a330 00000038 T FSFILE_GetSize
0010a368 00000028 T FSFILE_SetSize
0010a390 0000003c T FSFILE_Close
0010a3cc 00000024 T FSFILE_Flush
0010a3f0 00000050 T FSDIR_Read
0010a440 0000003c T FSDIR_Close
0010a47c 00000010 T rbtree_init
0010a48c 000001a0 t do_insert
0010a62c 00000008 T rbtree_insert
0010a634 00000090 T rbtree_rotate
0010a6c4 00000338 T rbtree_remove
0010a9fc 00000074 T rbtree_find
0010aa70 000000e8 T utf16_to_utf8
0010ab58 00000064 T decode_utf16
0010abbc 0000013c T decode_utf8
0010acf8 000000c0 T utf8_to_utf16
0010adb8 000001e0 W __system_allocateHeaps
0010af98 00000038 W __libctru_init
0010afd0 000000f0 W __system_initArgv
0010b0c0 T svcControlMemory
0010b0e0 T svcQueryMemory
0010b110 T svcExitProcess
0010b118 T svcCreateThread
0010b138 T svcExitThread
0010b140 T svcSleepThread
0010b148 T svcReleaseMutex
0010b150 T svcCreateEvent
0010b164 T svcSignalEvent
0010b16c T svcClearEvent
0010b174 T svcCreateMemoryBlock
0010b18c T svcMapMemoryBlock
0010b194 T svcUnmapMemoryBlock
0010b19c T svcCreateAddressArbiter
0010b1b0 T svcArbitrateAddressNoTimeout
0010b1b8 T svcCloseHandle
0010b1c0 T svcWaitSynchronization
0010b1c8 T svcWaitSynchronizationN
0010b1f0 T svcDuplicateHandle
0010b204 T svcGetSystemTick
0010b20c T svcConnectToPort
0010b220 T svcSendSyncRequest
0010b228 T svcGetResourceLimit
0010b23c T svcGetResourceLimitLimitValues
0010b244 T svcGetResourceLimitCurrentValues
0010b24c T svcBreak
0010b254 W initSystem
0010b2a4 W __ctru_exit
0010b2bc T __aeabi_read_tp
0010b2c8 0000000c T __sync_init
0010b2d4 00000018 T __sync_fini
0010b2ec 0000002c T syncArbitrateAddress
0010b318 0000001c T LightLock_Init
0010b334 00000094 T LightLock_Lock
0010b3c8 00000044 T LightLock_TryLock
0010b40c 00000040 T LightLock_Unlock
0010b44c 00000024 T RecursiveLock_Init
0010b470 00000030 T RecursiveLock_Lock
0010b4a0 00000078 T RecursiveLock_TryLock
0010b518 00000054 T RecursiveLock_Unlock
0010b56c 00000040 T LightEvent_Init
0010b5ac 000000a4 T LightEvent_Clear
0010b650 000000c8 T LightEvent_Signal
0010b718 00000058 T LightEvent_TryWait
0010b770 000000b0 T LightEvent_Wait
0010b820 00000084 W envGetHandle
0010b8a4 00000050 W envDestroyHandles
0010b8f4 00000124 T srvInit
0010ba18 00000058 T srvExit
0010ba70 00000080 T srvGetServiceHandleDirect
0010baf0 00000048 T srvGetServiceHandle
0010bb38 00000038 T srvPublishToSubscriber
0010bb70 00000188 T threadCreate
0010bcf8 0000002c T threadFree
0010bd24 00000024 T threadJoin
0010bd48 00000030 T threadGetCurrent
0010bd78 00000040 T threadExit
0010bdb8 00000044 t _thread_begin
0010bdfc 00000094 t mappableFindAddressWithin
0010be90 00000028 T mappableInit
0010beb8 00000080 T mappableAlloc
0010bf38 00000004 T mappableFree
0010bf3c 00000160 T irrstInit
0010c09c 000000cc T irrstExit
0010c168 0000000c T srvPmGetSessionHandle
0010c174 00000050 T rbtree_node_next
0010c1c4 00000060 T encode_utf16
0010c224 000000fc T encode_utf8
0010c320 00000030 W __appInit
0010c350 00000030 t __libctru_nanosleep
0010c380 00000030 t __libctru_get_reent
0010c3b0 000000f8 T __system_initSyscalls
0010c4a8 00000030 W __appExit
0010c4d8 00000090 W __libctru_exit
0010c568 00000014 t archive_link
0010c57c 00000014 t archive_dirreset
0010c590 00000014 t archive_chmod
0010c5a4 00000024 t error_cmp
0010c5c8 00000050 t archive_translate_error
0010c618 000000d4 t archive_seek
0010c6ec 0000007c t _archiveInit.part.0
0010c768 0000008c t archiveFindDevice.part.0
0010c7f4 00000294 t archive_utf16path
0010ca88 000000a0 t _archiveUnmountDeviceStruct.part.0
0010cb28 00000014 t archive_fchmod
0010cb3c 00000014 t archive_statvfs
0010cb50 00000158 t _archiveMountDevice
0010cca8 000000e8 t archive_diropen
0010cd90 000000a4 t archive_fstat
0010ce34 0000006c t archive_close
0010cea0 0000006c t archive_fsync
0010cf0c 00000070 t archive_dirclose
0010cf7c 000000e8 t sdmc_statvfs
0010d064 00000080 t archive_ftruncate
0010d0e4 000000fc t archive_chdir
0010d1e0 000000b0 t archive_read
0010d290 000000ac t archive_unlink
0010d33c 000000c8 t archive_rmdir
0010d404 000000ec t archive_mkdir
0010d4f0 000001a8 t archive_stat
0010d698 00000184 t archive_rename
0010d81c 00000168 t archive_dirnext
0010d984 0000012c t archive_write
0010dab0 000001f0 t archive_open
0010dca0 000001a4 T archiveMountSdmc
0010de44 00000054 T archiveUnmountAll
0010de98 00000120 T __udivmoddi4
0010dfb8 00000078 T bsearch
0010e030 00000028 T calloc
0010e058 000000bc T _calloc_r
0010e114 0000000c T __errno
0010e120 00000034 T exit
0010e154 00000160 T _fclose_r
0010e2b4 00000020 T fclose
0010e2d4 00000258 T __sflush_r
0010e52c 00000094 T _fflush_r
0010e5c0 00000038 T fflush
0010e5f8 0000000c T _cleanup_r
0010e604 00000184 T __sinit
0010e788 00000134 T __sfp
0010e8bc 0000000c T __sfp_lock_acquire
0010e8c8 0000000c T __sfp_lock_release
0010e8d4 0000003c T __libc_fini_array
0010e910 00000140 T _fopen_r
0010ea50 00000028 T fopen
0010ea78 000000f8 T _malloc_trim_r
0010eb70 000002e4 T _free_r
0010ee54 0000001c T _fseek_r
0010ee70 00000598 T _fseeko_r
0010f408 00000068 T _fwalk
0010f470 00000070 T _fwalk_reent
0010f4e0 000000f8 T _fwrite_r
0010f5d8 00000038 T fwrite
0010f610 0000007c T __libc_init_array
0010f68c 00000138 T __smakebuf_r
0010f7c4 00000028 T memalign
0010f7ec 00000150 T _memalign_r
0010f93c 00000020 T malloc
0010f95c 00000020 T free
0010f97c 000007e0 T _malloc_r
0011015c 0000011c T memcpy
00110278 00000118 T memset
00110390 0000000c T __malloc_lock
0011039c 0000000c T __malloc_unlock
001103a8 00000958 T qsort
00110d00 00000558 T _realloc_r
00111258 0000001c t lflush
00111274 000001ac T __srefill_r
00111420 00000044 T __sread
00111464 00000068 T __swrite
001114cc 00000048 T __sseek
00111514 00000008 T __sclose
0011151c 0000012c T strchr
00111648 0000005c T strlen
001116a4 000000ec T strncat
00111790 000000dc T strncmp
0011186c 000000c0 T strncpy
0011192c 00000048 T strnlen
00111974 00000114 T __call_exitprocs
00111a88 000000cc T __sflags
00111b54 000004c0 T __sfvwrite_r
00112014 000000e0 T memchr
001120f4 00000154 T memmove
00112248 00000154 T __swsetup_r
0011239c 00000008 t null_write
001123a4 00000018 T setDefaultDevice
001123bc 000000c8 T FindDevice
00112484 00000028 T RemoveDevice
001124ac 0000009c T AddDevice
00112548 00000020 T GetDeviceOpTab
00112568 00000078 T _fstat_r
001125e0 00000008 T _isatty_r
001125e8 00000084 T _lseek_r
0011266c 000000c8 T _open_r
00112734 00000080 T _read_r
001127b4 00000078 T _sbrk_r
0011282c 00000080 T _write_r
001128ac 00000024 T _exit
001128d0 000001b8 T _concatenate_path
00112a88 00000160 T chdir
00112be8 00000060 T mkdir
00112c48 00000008 T __flockfile
00112c50 00000008 T __funlockfile
00112c58 00000018 T __libc_lock_acquire
00112c70 00000018 T __libc_lock_release
00112c88 00000018 T __libc_lock_init_recursive
00112ca0 00000018 T __libc_lock_acquire_recursive
00112cb8 00000018 T __libc_lock_release_recursive
00112cd0 00000018 T __libc_lock_close_recursive
00112ce8 0000008c T __release_handle
00112d74 000000b4 T __alloc_handle
00112e28 0000003c T __get_handle
00112e64 000000f4 T _close_r
00112f58 00000028 T __getreent
00112f80 00000044 T strrchr
00112fc4 T _fini
00113260 R render2d_shbin
001133ec R render2d_shbin_end
001133ec R render2d_shbin_size
001133f0 00000005 r colorFmtSizes
001133f8 00000004 r depthFmtSizes
001133fc 00000010 r CSWTCH.9
00113430 00000008 r morton_x.3
00113438 00000008 r morton_y.2
00113440 00000008 r s_sleepWakeEvents.4
001134a8 00000070 r archive_devoptab
00113518 00000030 r error_table
00113548 00000004 R _global_impure_ptr
0011354c 00000101 R _ctype_
00113650 00000070 R dotab_stdnull
001136c0 r 
001136c0 R __exidx_end
001136c0 R __exidx_start
00114000 00000004 D mode
00114004 00000004 D searchTerm
00114008 00000004 D newsContent
0011400c 00000004 d framerate
00114010 00000008 d framerateCounter
00114018 00000004 d queueLock
0011401c W __stacksize__
00114020 0000000c d __sfp_recursive_mutex
0011402c 0000000c d __sinit_recursive_mutex
00114038 00000004 D _impure_ptr
00114040 00000460 d impure_data
001144a0 00000408 D __malloc_av_
001148a8 00000004 D __malloc_sbrk_base
001148ac 00000004 D __malloc_trim_threshold
001148b0 0000000c d __malloc_recursive_mutex
001148bc 0000000c D __atexit_recursive_mutex
001148c8 00000004 d defaultDevice
001148cc 0000008c D devoptab_list
00114958 00000400 d _current_working_directory
00114d58 00000004 d __hndl_lock
00114d5c 0000000c d __stderr_handle
00114d68 0000000c d __stdin_handle
00114d74 0000000c d __stdout_handle
00114d80 00001000 d handles
00115d88 d _GLOBAL_OFFSET_TABLE_
00115d94 d __frame_dummy_init_array_entry
00115d94 D __init_array_start
00115d94 B __preinit_array_end
00115d94 B __preinit_array_start
00115d94 D __tdata_lma
00115d94 D __tdata_lma_end
00115d98 d __do_global_dtors_aux_fini_array_entry
00115d98 D __fini_array_start
00115d98 D __init_array_end
00115d9c D __bss_start__
00115d9c D __fini_array_end
00115d9c 00000008 B context
00115da4 00000004 B countedSources
00115da8 00000004 B listAddresses
00115dac 00000004 B listAddressesCopy
00115db0 000003e8 B currentSourceContent
00116198 00000004 B countedApps
0011619c 00000400 b swkbd.4
0011659c 00000001 b reload.3
001165a0 00000044 b swkbdStatus.2
001165e4 0000003c b mybuf.0
00116620 00000004 B selectedApp
00116624 00000001 B msgbox
00116628 0000a46c b swkbdLearning.1
00120a94 00000001 B ignoreMessage
00120a98 00000004 B appPath
00120a9c 00000004 B appDetails
00120aa0 00000004 B appName
00120aa4 00000190 B appList
00120c34 00000001 B listFile
00120c38 00000004 B state
00120c3c 00000004 B g_staticBufMenueTop
00120c40 00000004 B g_staticBufMenueBottom
00120c44 00000054 B g_headlineText
00120c98 0000016c B g_staticText
00120e04 00000038 B g_menueText
00120e3c 00000004 B g_staticBufSearch
00120e40 00000004 B g_dynamicBuf
00120e44 00000004 B g_staticBufSetting
00120e48 00000004 B spriteSheet
00120e4c 00000028 B img
00120e74 00000064 B buffer
00120ed8 b completed.1
00120edc b object.0
00120ef8 000005a0 B __C2Di_Context
00121498 00000040 b s_projBot
001214d8 00000040 b s_projTop
00121518 00000004 b uLoc_mdlvMtx
0012151c 00000004 b uLoc_projMtx
00121520 00000004 b s_glyphSheets
00121524 00000004 b s_textScale
00121528 000002d0 B __C3D_Context
001217f8 0000000c b hookCookie
00121804 00000004 b firstTarget
00121808 00000008 b frameCounter
00121810 00000004 b frameEndCb
00121814 00000004 b frameEndCbData
00121818 00000010 b gpuTime
00121828 00000001 b inFrame
00121829 00000001 b inSafeTransfer
0012182a 00000001 b isTopStereo
0012182c 00000004 b lastTarget
00121830 0000000c b linkedTarget
0012183c 00000001 b measureGpuTime
0012183d 00000001 b needSwapBot
0012183e 00000001 b needSwapTop
00121840 00000004 B C3D_BoolUnifs
00121844 00000002 B C3D_BoolUnifsDirty
00121848 00000c00 B C3D_FVUnif
00122448 000000c0 B C3D_FVUnifDirty
00122508 00000020 B C3D_IVUnif
00122528 00000008 B C3D_IVUnifDirty
00122530 000000c0 b C3Di_FVUnifEverDirty
001225f0 00000008 b C3Di_IVUnifEverDirty
001225f8 00000018 b C3Di_ShaderFVecData
00122610 0000000c b sAddrMap
0012261c 00000008 b sVramPool
00122624 00000008 b sLinearPool
0012262c 0000000c b sAddrMap
00122638 00000001 V __ctru_speedup
0012263c 00000004 B g_sharedFont
00122640 00000004 b sharedFontAddr
00122644 00000004 b gfxBottomFramebufferMaxSize
00122648 00000008 b gfxBottomFramebuffers
00122650 00000002 b gfxCurBuf
00122654 00000002 b gfxFramebufferFormats
00122658 00000002 b gfxIsDoubleBuf
0012265a 00000001 b gfxIsVram
0012265c 00000004 b gfxTopFramebufferMaxSize
00122660 00000008 b gfxTopFramebuffers
00122668 00000001 b gfxTopMode
0012266c 00000004 b screenAlloc
00122670 00000004 b screenFree
00122674 00000004 b boundQueue
00122678 00000004 b curQueue
0012267c 00000001 b isActive
0012267d 00000001 b isRunning
0012267e 00000001 b shouldStop
00122680 00000004 B gpuCmdBuf
00122684 00000004 B gpuCmdBufOffset
00122688 00000004 B gpuCmdBufSize
0012268c 00000004 b gspEvent
00122690 0000001c b gspEventCb
001226ac 0000001c b gspEventCbData
001226c8 00000007 b gspEventCbOneShot
001226d0 00000004 b gspEventThread
001226d4 00000038 b gspEvents
0012270c 00000004 b gspGpuHandle
00122710 00000001 b gspGpuRight
00122714 00000004 b gspLastEvent
00122718 00000004 b gspRefCount
0012271c 00000001 b gspRunEvents
00122720 00000004 b gspSharedMem
00122724 00000004 b gspSharedMemHandle
00122728 00000001 b gspThreadId
00122729 00000001 b aptChainloadFlags
0012272a 00000001 b aptChainloadMediatype
00122730 00000008 b aptChainloadTid
00122738 00000004 b aptEventHandlerThread
0012273c 00000001 b aptEventHandlerThreadQuit
00122740 00000008 b aptEvents
00122748 0000000c b aptFirstHook
00122754 00000004 b aptFlags
00122758 00000001 b aptHomeButtonState
0012275c 00000004 b aptLockHandle
00122760 00000004 b aptMessageFunc
00122764 00000004 b aptMessageFuncData
00122768 00001000 b aptParameters
00123768 00000008 b aptReceiveEvent
00123770 00000004 b aptRefCount
00123774 00000008 b aptSleepEvent
0012377c 00000001 b flagInit.1
0012377d 00000001 b flagValue.0
00123780 00000004 b serviceName.6
00123784 00000014 B hidEvents
00123798 00000004 B hidHandle
0012379c 00000004 B hidMemHandle
001237a0 00000004 b hidRefCount
001237a4 00000004 B hidSharedMem
001237a8 00000004 b kDown
001237ac 00000004 b kHeld
001237b0 00000004 b kOld
001237b4 00000004 b kUp
001237b8 00000001 b usingIrrst
001237bc 00000004 b ptmSysmHandle
001237c0 00000004 b ptmSysmRefCount
001237c4 00000004 b __httpc_refcount
001237c8 00000004 B __httpc_servhandle
001237cc 00000004 B __httpc_sharedmem_addr
001237d0 00000004 b __httpc_sharedmem_handle
001237d4 00000004 b __httpc_sharedmem_size
001237d8 00000080 b fsExemptArchives
00123858 00000004 b fsuHandle
0012385c 00000004 b fsuRefCount
00123860 00000004 B __ctru_heap
00123864 00000004 V __ctru_heap_size
00123868 00000004 B __ctru_linear_heap
0012386c 00000004 V __ctru_linear_heap_size
00123870 00000004 B __system_retAddr
00123874 00000004 B __system_argc
00123878 00000004 B __system_argv
0012387c b saved_stack
00123884 00000004 b arbiter
00123888 00000004 b srvHandle
0012388c 00000004 b srvRefCount
00123890 00000004 b currentAddr
00123894 00000004 b maxAddr
00123898 00000004 b minAddr
0012389c 00000004 B irrstEvent
001238a0 00000004 B irrstHandle
001238a4 00000004 B irrstMemHandle
001238a8 00000004 b irrstRefCount
001238ac 00000004 B irrstSharedMem
001238b0 00000004 b kHeld
001238b4 00000004 b srvPmHandle
001238b8 00000004 b archive_device_cwd
001238c0 00000540 b archive_devices
00123e00 00000001 b archive_initialized
00123e04 00000028 B __malloc_current_mallinfo
00123e2c 00000004 B __malloc_max_sbrked_mem
00123e30 00000004 B __malloc_max_total_mem
00123e34 00000004 B __malloc_top_pad
00123e38 00000004 b heap_start.0
00123e3c 00000004 B fake_heap_end
00123e40 00000004 B fake_heap_start
00123e44 00000400 b temp_cwd
00124244 00000048 B __syscalls
0012428c B __tls_start
00124e94 B __bss_end__
00124e94 A __end__
00124e94 B __tls_end
